四月 26, 2016 11:07:11 上午 org.apache.catalina.startup.Catalina initDirs
严重: Cannot find specified temporary folder at /Users/yuanyuan/github/joke_send/temp
四月 26, 2016 11:07:12 上午 org.apache.catalina.core.AprLifecycleListener init
信息: The APR based Apache Tomcat Native library which allows optimal performance in production environments was not found on the java.library.path: /Users/yuanyuan/Library/Java/Extensions:/Library/Java/Extensions:/Network/Library/Java/Extensions:/System/Library/Java/Extensions:/usr/lib/java:.
四月 26, 2016 11:07:12 上午 org.apache.coyote.AbstractProtocol init
信息: Initializing ProtocolHandler ["http-nio-8031"]
四月 26, 2016 11:07:12 上午 org.apache.tomcat.util.net.NioSelectorPool getSharedSelector
信息: Using a shared selector for servlet write/read
四月 26, 2016 11:07:12 上午 org.apache.catalina.startup.Catalina load
信息: Initialization processed in 1041 ms
四月 26, 2016 11:07:13 上午 org.apache.catalina.core.StandardService startInternal
信息: Starting service Catalina
四月 26, 2016 11:07:13 上午 org.apache.catalina.core.StandardEngine startInternal
信息: Starting Servlet Engine: Apache Tomcat/7.0.53
四月 26, 2016 11:07:13 上午 org.apache.catalina.startup.HostConfig deployDirectory
信息: Deploying web application directory /Users/yuanyuan/github/joke_send/webapps/ROOT
四月 26, 2016 11:07:17 上午 org.apache.coyote.AbstractProtocol start
信息: Starting ProtocolHandler ["http-nio-8031"]
四月 26, 2016 11:07:17 上午 org.apache.catalina.startup.Catalina start
信息: Server startup in 4902 ms
